<?xml version="1.0" encoding="UTF-8"?>
<!-- Generated by org.testng.reporters.JUnitReportReporter -->
<testsuite hostname="LAPTOP-3FC1F8QA" failures="0" tests="1" name="login_one.Login_true" time="19.195" errors="0" timestamp="2024-02-26T13:33:08 IST" skipped="0">
  <testcase classname="login_one.Login_true" name="testLogin" time="19.195"/>
</testsuite> <!-- login_one.Login_true -->
