<?xml version="1.0" encoding="UTF-8"?>
<!-- Generated by org.testng.reporters.JUnitReportReporter -->
<testsuite hostname="LAPTOP-3FC1F8QA" failures="0" tests="1" name="homepage.Homepage_true" time="4.138" errors="0" timestamp="2024-02-26T13:33:08 IST" skipped="0">
  <testcase classname="homepage.Homepage_true" name="openURL" time="4.138"/>
</testsuite> <!-- homepage.Homepage_true -->
