<?xml version="1.0" encoding="UTF-8"?>
<!-- Generated by org.testng.reporters.JUnitReportReporter -->
<testsuite hostname="LAPTOP-3FC1F8QA" failures="0" tests="3" name="excelwork.Excel_data" time="0.009" errors="0" timestamp="2024-02-26T19:46:50 IST" skipped="0">
  <testcase classname="excelwork.Excel_data" name="testLogin" time="0.002"/>
  <testcase classname="excelwork.Excel_data" name="testLogin" time="0.006"/>
  <testcase classname="excelwork.Excel_data" name="testLogin" time="0.001"/>
</testsuite> <!-- excelwork.Excel_data -->
