<?xml version="1.0" encoding="UTF-8"?>
<!-- Generated by org.testng.reporters.JUnitReportReporter -->
<testsuite hostname="LAPTOP-3FC1F8QA" failures="0" tests="1" name="login_one.Login_false" time="18.818" errors="0" timestamp="2024-02-26T13:33:08 IST" skipped="0">
  <testcase classname="login_one.Login_false" name="testLogin" time="18.818"/>
</testsuite> <!-- login_one.Login_false -->
